<?xml version="1.0" encoding="UTF-8"?>
<testng-results ignored="0" total="1" passed="1" failed="0" skipped="0">
  <reporter-output>
  </reporter-output>
  <suite started-at="2022-11-07T12:02:56 IST" name="Default suite" finished-at="2022-11-07T12:04:18 IST" duration-ms="81829">
    <groups>
    </groups>
    <test started-at="2022-11-07T12:02:56 IST" name="Default test" finished-at="2022-11-07T12:04:18 IST" duration-ms="81829">
      <class name="Test.task1">
        <test-method signature="task()[pri:0, instance:Test.task1@31d7b7bf]" started-at="2022-11-07T12:02:56 IST" name="task" finished-at="2022-11-07T12:04:18 IST" duration-ms="81740" status="PASS">
          <reporter-output>
          </reporter-output>
        </test-method> <!-- task -->
      </class> <!-- Test.task1 -->
    </test> <!-- Default test -->
  </suite> <!-- Default suite -->
</testng-results>
